SF:lib\locator.dart
DA:4,3
DA:7,1
DA:8,4
LF:3
LH:3
end_of_record
SF:lib\views\productdetail\product_detail_view.dart
DA:7,1
DA:9,0
DA:10,0
DA:14,0
DA:16,0
DA:17,0
DA:19,0
DA:25,0
DA:27,0
DA:28,0
DA:31,0
DA:32,0
DA:33,0
DA:70,0
DA:72,0
DA:75,0
DA:79,0
DA:81,0
DA:83,0
DA:89,0
DA:93,0
DA:94,0
DA:97,0
DA:119,0
DA:121,0
DA:123,0
DA:124,0
DA:125,0
DA:127,0
DA:130,0
DA:144,0
DA:146,0
DA:148,0
DA:149,0
DA:151,0
DA:153,0
DA:156,0
DA:170,0
DA:172,0
DA:174,0
DA:176,0
DA:178,0
DA:181,0
DA:185,0
DA:205,0
DA:207,0
DA:208,0
DA:218,0
DA:219,0
LF:49
LH:1
end_of_record
SF:lib\widgets\home_page_list_view\home_page_list_item.dart
DA:16,1
DA:19,0
DA:21,1
DA:22,1
DA:26,1
DA:28,1
DA:29,1
DA:30,1
DA:36,1
DA:37,2
DA:45,1
DA:46,2
DA:47,2
DA:51,3
DA:54,1
DA:55,1
DA:56,1
DA:57,1
DA:58,1
DA:60,1
DA:62,1
DA:71,1
DA:72,3
LF:23
LH:22
end_of_record
SF:lib\services\navigation_service.dart
DA:7,1
DA:8,2
DA:11,0
DA:12,0
LF:4
LH:2
end_of_record
SF:lib\constants\colors\app_colors.dart
DA:3,0
DA:4,0
LF:2
LH:0
end_of_record
SF:lib\widgets\home_page_footer\home_page_footer.dart
DA:9,1
DA:11,0
DA:12,0
DA:16,0
DA:18,0
DA:20,0
DA:22,0
DA:24,0
DA:27,0
DA:28,0
DA:29,0
DA:31,0
DA:32,0
DA:35,0
DA:36,0
DA:38,0
DA:39,0
DA:44,0
DA:50,0
DA:51,0
DA:56,0
DA:59,0
DA:60,0
DA:62,0
DA:63,0
DA:68,0
DA:74,0
DA:75,0
DA:80,0
DA:83,0
DA:84,0
DA:86,0
DA:87,0
DA:93,0
DA:99,0
DA:126,0
DA:127,0
DA:130,0
DA:131,0
LF:39
LH:1
end_of_record
SF:lib\widgets\navigation_bar\navigation_bar.dart
DA:8,1
DA:10,0
DA:13,0
LF:3
LH:1
end_of_record
SF:lib\widgets\navigation_bar\navbar_item.dart
DA:10,1
DA:11,0
DA:13,0
DA:15,0
DA:16,0
DA:17,0
DA:19,0
DA:20,0
LF:8
LH:1
end_of_record
SF:lib\widgets\navigation_bar\navbar_logo.dart
DA:4,2
DA:6,0
DA:8,0
DA:11,0
LF:4
LH:1
end_of_record
SF:lib\widgets\navigation_bar\navigation_bar_tablet_desktop.dart
DA:8,1
DA:10,0
DA:12,0
DA:14,0
DA:16,0
DA:18,0
LF:6
LH:1
end_of_record
SF:lib\widgets\navigation_bar\navigation_bar_mobile.dart
DA:5,1
DA:7,0
DA:9,0
DA:11,0
DA:14,0
DA:15,0
LF:6
LH:1
end_of_record
